# JRE version: OpenJDK Runtime Environment Corretto-17.0.8.8.1 (17.0.8.1+8) (build 17.0.8.1+8-LTS)
# Java VM: OpenJDK 64-Bit Server VM Corretto-17.0.8.8.1 (17.0.8.1+8-LTS, mixed mode, emulated-client, sharing, tiered, compressed oops, compressed class ptrs, g1 gc, windows-amd64)
GC Precious Log:
 CPUs: 8 total, 8 available
 Memory: 16183M
 Large Page Support: Disabled
 NUMA Support: Disabled
 Compressed Oops: Enabled (Zero based)
 Heap Region Size: 2M
 Heap Min Capacity: 8M
 Heap Initial Capacity: 254M
 Heap Max Capacity: 4046M
 Pre-touch: Disabled
 Parallel Workers: 8
 Concurrent Workers: 2
 Concurrent Refinement Workers: 8
 Periodic GC: Disabled
Heap:
 garbage-first heap   total 108544K, used 39856K [0x0000000703200000, 0x0000000800000000)
  region size 2048K, 4 young (8192K), 4 survivors (8192K)
 Metaspace       used 68194K, committed 68800K, reserved 1114112K
  class space    used 9755K, committed 10048K, reserved 1048576K
GC Heap History (20 events):
Event: 12.495 GC heap after
{Heap after GC invocations=14 (full 0):
 garbage-first heap   total 108544K, used 30434K [0x0000000703200000, 0x0000000800000000)
  region size 2048K, 2 young (4096K), 2 survivors (4096K)
 Metaspace       used 55269K, committed 55680K, reserved 1114112K
  class space    used 8015K, committed 8192K, reserved 1048576K
}
Event: 12.966 GC heap before
{Heap before GC invocations=14 (full 0):
 garbage-first heap   total 108544K, used 83682K [0x0000000703200000, 0x0000000800000000)
  region size 2048K, 28 young (57344K), 2 survivors (4096K)
 Metaspace       used 56908K, committed 57344K, reserved 1114112K
  class space    used 8194K, committed 8384K, reserved 1048576K
}
Event: 12.969 GC heap after
{Heap after GC invocations=15 (full 0):
 garbage-first heap   total 108544K, used 31204K [0x0000000703200000, 0x0000000800000000)
  region size 2048K, 3 young (6144K), 3 survivors (6144K)
 Metaspace       used 56908K, committed 57344K, reserved 1114112K
  class space    used 8194K, committed 8384K, reserved 1048576K
}
Event: 13.415 GC heap before
{Heap before GC invocations=15 (full 0):
 garbage-first heap   total 108544K, used 84452K [0x0000000703200000, 0x0000000800000000)
  region size 2048K, 29 young (59392K), 3 survivors (6144K)
 Metaspace       used 57191K, committed 57600K, reserved 1114112K
  class space    used 8236K, committed 8448K, reserved 1048576K
}
Event: 13.419 GC heap after
{Heap after GC invocations=16 (full 0):
 garbage-first heap   total 108544K, used 31752K [0x0000000703200000, 0x0000000800000000)
  region size 2048K, 3 young (6144K), 3 survivors (6144K)
 Metaspace       used 57191K, committed 57600K, reserved 1114112K
  class space    used 8236K, committed 8448K, reserved 1048576K
}
Event: 13.681 GC heap before
{Heap before GC invocations=16 (full 0):
 garbage-first heap   total 108544K, used 85000K [0x0000000703200000, 0x0000000800000000)
  region size 2048K, 29 young (59392K), 3 survivors (6144K)
 Metaspace       used 57270K, committed 57664K, reserved 1114112K
  class space    used 8240K, committed 8448K, reserved 1048576K
}
Event: 13.684 GC heap after
{Heap after GC invocations=17 (full 0):
 garbage-first heap   total 108544K, used 32256K [0x0000000703200000, 0x0000000800000000)
  region size 2048K, 2 young (4096K), 2 survivors (4096K)
 Metaspace       used 57270K, committed 57664K, reserved 1114112K
  class space    used 8240K, committed 8448K, reserved 1048576K
}
Event: 13.938 GC heap before
{Heap before GC invocations=17 (full 0):
 garbage-first heap   total 108544K, used 87552K [0x0000000703200000, 0x0000000800000000)
  region size 2048K, 29 young (59392K), 2 survivors (4096K)
 Metaspace       used 57371K, committed 57792K, reserved 1114112K
  class space    used 8251K, committed 8448K, reserved 1048576K
}
Event: 13.940 GC heap after
{Heap after GC invocations=18 (full 0):
 garbage-first heap   total 108544K, used 32310K [0x0000000703200000, 0x0000000800000000)
  region size 2048K, 2 young (4096K), 2 survivors (4096K)
 Metaspace       used 57371K, committed 57792K, reserved 1114112K
  class space    used 8251K, committed 8448K, reserved 1048576K
}
Event: 14.271 GC heap before
{Heap before GC invocations=18 (full 0):
 garbage-first heap   total 108544K, used 87606K [0x0000000703200000, 0x0000000800000000)
  region size 2048K, 29 young (59392K), 2 survivors (4096K)
 Metaspace       used 57737K, committed 58176K, reserved 1114112K
  class space    used 8281K, committed 8512K, reserved 1048576K
}
Event: 14.274 GC heap after
{Heap after GC invocations=19 (full 0):
 garbage-first heap   total 108544K, used 33110K [0x0000000703200000, 0x0000000800000000)
  region size 2048K, 2 young (4096K), 2 survivors (4096K)
 Metaspace       used 57737K, committed 58176K, reserved 1114112K
  class space    used 8281K, committed 8512K, reserved 1048576K
}
Event: 15.776 GC heap before
{Heap before GC invocations=19 (full 0):
 garbage-first heap   total 108544K, used 86358K [0x0000000703200000, 0x0000000800000000)
  region size 2048K, 29 young (59392K), 2 survivors (4096K)
 Metaspace       used 59986K, committed 60416K, reserved 1114112K
  class space    used 8608K, committed 8832K, reserved 1048576K
}
Event: 15.781 GC heap after
{Heap after GC invocations=20 (full 0):
 garbage-first heap   total 108544K, used 35171K [0x0000000703200000, 0x0000000800000000)
  region size 2048K, 3 young (6144K), 3 survivors (6144K)
 Metaspace       used 59986K, committed 60416K, reserved 1114112K
  class space    used 8608K, committed 8832K, reserved 1048576K
}
Event: 16.100 GC heap before
{Heap before GC invocations=21 (full 0):
 garbage-first heap   total 108544K, used 86371K [0x0000000703200000, 0x0000000800000000)
  region size 2048K, 29 young (59392K), 3 survivors (6144K)
 Metaspace       used 60704K, committed 61184K, reserved 1114112K
  class space    used 8718K, committed 8960K, reserved 1048576K
}
Event: 16.104 GC heap after
{Heap after GC invocations=22 (full 0):
 garbage-first heap   total 108544K, used 35944K [0x0000000703200000, 0x0000000800000000)
  region size 2048K, 3 young (6144K), 3 survivors (6144K)
 Metaspace       used 60704K, committed 61184K, reserved 1114112K
  class space    used 8718K, committed 8960K, reserved 1048576K
}
Event: 16.257 GC heap before
{Heap before GC invocations=22 (full 0):
 garbage-first heap   total 108544K, used 87144K [0x0000000703200000, 0x0000000800000000)
  region size 2048K, 28 young (57344K), 3 survivors (6144K)
 Metaspace       used 60704K, committed 61184K, reserved 1114112K
  class space    used 8718K, committed 8960K, reserved 1048576K
}
Event: 16.262 GC heap after
{Heap after GC invocations=23 (full 0):
 garbage-first heap   total 108544K, used 36042K [0x0000000703200000, 0x0000000800000000)
  region size 2048K, 3 young (6144K), 3 survivors (6144K)
 Metaspace       used 60704K, committed 61184K, reserved 1114112K
  class space    used 8718K, committed 8960K, reserved 1048576K
}
Event: 16.518 GC heap before
{Heap before GC invocations=23 (full 0):
 garbage-first heap   total 108544K, used 85194K [0x0000000703200000, 0x0000000800000000)
  region size 2048K, 28 young (57344K), 3 survivors (6144K)
 Metaspace       used 61106K, committed 61632K, reserved 1114112K
  class space    used 8789K, committed 9024K, reserved 1048576K
}
Event: 16.522 GC heap after
{Heap after GC invocations=24 (full 0):
 garbage-first heap   total 108544K, used 36503K [0x0000000703200000, 0x0000000800000000)
  region size 2048K, 3 young (6144K), 3 survivors (6144K)
 Metaspace       used 61106K, committed 61632K, reserved 1114112K
  class space    used 8789K, committed 9024K, reserved 1048576K
}
Event: 177.360 GC heap before
{Heap before GC invocations=24 (full 0):
 garbage-first heap   total 108544K, used 83607K [0x0000000703200000, 0x0000000800000000)
  region size 2048K, 27 young (55296K), 3 survivors (6144K)
 Metaspace       used 68194K, committed 68800K, reserved 1114112K
  class space    used 9755K, committed 10048K, reserved 1048576K
}

